<?xml version="1.0" encoding="UTF-8"?>
<!-- Generated by org.testng.reporters.JUnitReportReporter -->
<testsuite hostname="DESKTOP-AK2FD4J" failures="0" tests="3" name="RestAssuredJson.JsonRestAssured" time="4.334" errors="0" timestamp="2022-04-27T23:32:30 EET" skipped="0">
  <testcase classname="RestAssuredJson.JsonRestAssured" name="validate_invalid_response_data" time="1.844"/>
  <system-out/>
  <testcase classname="RestAssuredJson.JsonRestAssured" name="validate_response_data" time="1.028"/>
  <system-out/>
  <testcase classname="RestAssuredJson.JsonRestAssured" name="validate_response_code" time="1.462"/>
  <system-out/>
</testsuite> <!-- RestAssuredJson.JsonRestAssured -->
