<?xml version="1.0" encoding="UTF-8"?>
<!-- Generated by org.testng.reporters.JUnitReportReporter -->
<testsuite hostname="DESKTOP-AK2FD4J" failures="0" tests="3" name="rest_assured.RestAssuredTeatCase" time="7.949" errors="0" timestamp="2022-04-27T23:05:54 EET" skipped="0">
  <testcase classname="rest_assured.RestAssuredTeatCase" name="validate_response_code" time="2.480"/>
  <system-out/>
  <testcase classname="rest_assured.RestAssuredTeatCase" name="validate_invalid_response" time="3.659"/>
  <system-out/>
  <testcase classname="rest_assured.RestAssuredTeatCase" name="validate_response_data" time="1.810"/>
  <system-out/>
</testsuite> <!-- rest_assured.RestAssuredTeatCase -->
